2025-03-24 14:49:11 [background-preinit] INFO  o.h.validator.internal.util.Version - HV000001: Hibernate Validator 8.0.2.Final
2025-03-24 14:49:11 [main] INFO  com.zero.admin.AdminApplication - Starting AdminApplication using Java 21.0.6 with PID 92568 (/Users/w9048055/Documents/gitee/vue-zero-admin-api/zero-admin/target/classes started by w9048055 in /Users/w9048055/Documents/gitee/vue-zero-admin-api)
2025-03-24 14:49:11 [main] INFO  com.zero.admin.AdminApplication - The following 1 profile is active: "dev"
2025-03-24 14:49:13 [main] INFO  io.undertow.servlet - Initializing Spring embedded WebApplicationContext
2025-03-24 14:49:13 [main] INFO  c.b.d.d.DynamicRoutingDataSource - dynamic-datasource detect P6SPY plugin and enabled it
2025-03-24 14:49:13 [main] INFO  com.zaxxer.hikari.HikariDataSource - postgres - Starting...
2025-03-24 14:49:14 [main] INFO  com.zaxxer.hikari.pool.HikariPool - postgres - Added connection org.postgresql.jdbc.PgConnection@10e4ee33
2025-03-24 14:49:14 [main] INFO  com.zaxxer.hikari.HikariDataSource - postgres - Start completed.
2025-03-24 14:49:14 [main] INFO  c.b.d.d.DynamicRoutingDataSource - dynamic-datasource - add a datasource named [postgres] success
2025-03-24 14:49:14 [main] INFO  c.b.d.d.DynamicRoutingDataSource - dynamic-datasource initial loaded [1] datasource,primary datasource named [postgres]
2025-03-24 14:49:16 [main] INFO  c.z.a.base.redis.config.RedisConfig - 初始化 redis 配置
2025-03-24 14:49:16 [main] INFO  org.redisson.Version - Redisson 3.45.1
2025-03-24 14:49:16 [main] WARN  i.n.r.d.DnsServerAddressStreamProviders - Can not find io.netty.resolver.dns.macos.MacOSDnsServerAddressStreamProvider in the classpath, fallback to system defaults. This may result in incorrect DNS resolutions on MacOS. Check whether you have a dependency on 'io.netty:netty-resolver-dns-native-macos'
2025-03-24 14:49:16 [redisson-netty-1-3] INFO  o.r.connection.ConnectionsHolder - 2 connections initialized for localhost/127.0.0.1:6379
2025-03-24 14:49:16 [redisson-netty-1-1] INFO  o.r.connection.ConnectionsHolder - 1 connections initialized for localhost/127.0.0.1:6379
2025-03-24 14:49:17 [main] INFO  io.undertow - starting server: Undertow - 2.3.18.Final
2025-03-24 14:49:17 [main] INFO  org.xnio - XNIO version 3.8.16.Final
2025-03-24 14:49:17 [main] INFO  org.xnio.nio - XNIO NIO Implementation Version 3.8.16.Final
2025-03-24 14:49:17 [main] INFO  org.jboss.threads - JBoss Threads version 3.5.0.Final
2025-03-24 14:49:17 [main] INFO  io.undertow - stopping server: Undertow - 2.3.18.Final
2025-03-24 14:49:17 [main] WARN  o.s.b.w.s.c.AnnotationConfigServletWebServerApplicationContext - Exception encountered during context initialization - cancelling refresh attempt: org.springframework.context.ApplicationContextException: Failed to start bean 'webServerStartStop'
2025-03-24 14:49:18 [main] INFO  c.z.a.b.core.config.ThreadPoolConfig - ====关闭后台任务任务线程池====
2025-03-24 14:49:18 [main] INFO  c.b.d.d.DynamicRoutingDataSource - dynamic-datasource start closing ....
2025-03-24 14:49:18 [main] INFO  com.zaxxer.hikari.HikariDataSource - postgres - Shutdown initiated...
2025-03-24 14:49:18 [main] INFO  com.zaxxer.hikari.HikariDataSource - postgres - Shutdown completed.
2025-03-24 14:49:18 [main] INFO  c.b.d.d.d.DefaultDataSourceDestroyer - dynamic-datasource close the datasource named [postgres] success,
2025-03-24 14:49:18 [main] INFO  c.b.d.d.DynamicRoutingDataSource - dynamic-datasource all closed success,bye
2025-03-24 14:49:18 [main] ERROR o.s.b.d.LoggingFailureAnalysisReporter - 

***************************
APPLICATION FAILED TO START
***************************

Description:

Web server failed to start. Port 8080 was already in use.

Action:

Identify and stop the process that's listening on port 8080 or configure this application to listen on another port.

